[19-Sep-2020 16:57:01 UTC] PHP Notice:  Undefined index: host in C:\xampp\htdocs\e3mtechnologie-com\wp-includes\l10n.php on line 1075
[19-Sep-2020 16:57:01 UTC] PHP Notice:  Undefined index: host in C:\xampp\htdocs\e3mtechnologie-com\wp-includes\l10n.php on line 1075
[19-Sep-2020 17:07:46 UTC] PHP Deprecated:  The each() function is deprecated. This message will be suppressed on further calls in C:\xampp\htdocs\e3mtechnologie-com\wp-content\plugins\sitepress-multilingual-cms\lib\dqml2tree.php on line 475
[19-Sep-2020 17:07:48 UTC] PHP Deprecated:  The each() function is deprecated. This message will be suppressed on further calls in C:\xampp\htdocs\e3mtechnologie-com\wp-content\plugins\sitepress-multilingual-cms\lib\dqml2tree.php on line 475
[19-Sep-2020 17:07:50 UTC] PHP Deprecated:  The each() function is deprecated. This message will be suppressed on further calls in C:\xampp\htdocs\e3mtechnologie-com\wp-content\plugins\sitepress-multilingual-cms\lib\dqml2tree.php on line 475
[19-Sep-2020 17:07:51 UTC] PHP Deprecated:  The each() function is deprecated. This message will be suppressed on further calls in C:\xampp\htdocs\e3mtechnologie-com\wp-content\plugins\sitepress-multilingual-cms\lib\dqml2tree.php on line 475
[19-Sep-2020 17:07:57 UTC] PHP Deprecated:  The each() function is deprecated. This message will be suppressed on further calls in C:\xampp\htdocs\e3mtechnologie-com\wp-content\plugins\sitepress-multilingual-cms\lib\dqml2tree.php on line 475
[19-Sep-2020 17:08:05 UTC] PHP Deprecated:  The each() function is deprecated. This message will be suppressed on further calls in C:\xampp\htdocs\e3mtechnologie-com\wp-content\plugins\sitepress-multilingual-cms\lib\dqml2tree.php on line 475
[19-Sep-2020 17:08:06 UTC] PHP Deprecated:  The each() function is deprecated. This message will be suppressed on further calls in C:\xampp\htdocs\e3mtechnologie-com\wp-content\plugins\sitepress-multilingual-cms\lib\dqml2tree.php on line 475
[19-Sep-2020 17:08:06 UTC] PHP Warning:  fopen(C:\xampp\htdocs\e3mtechnologie-com/wp-content/plugins/): failed to open stream: No such file or directory in C:\xampp\htdocs\e3mtechnologie-com\wp-includes\functions.php on line 6023
[19-Sep-2020 17:08:06 UTC] PHP Warning:  fread() expects parameter 1 to be resource, boolean given in C:\xampp\htdocs\e3mtechnologie-com\wp-includes\functions.php on line 6026
[19-Sep-2020 17:08:06 UTC] PHP Warning:  fclose() expects parameter 1 to be resource, boolean given in C:\xampp\htdocs\e3mtechnologie-com\wp-includes\functions.php on line 6029
[19-Sep-2020 17:09:03 UTC] PHP Deprecated:  The each() function is deprecated. This message will be suppressed on further calls in C:\xampp\htdocs\e3mtechnologie-com\wp-content\plugins\sitepress-multilingual-cms\lib\dqml2tree.php on line 475
[19-Sep-2020 17:09:09 UTC] PHP Deprecated:  The each() function is deprecated. This message will be suppressed on further calls in C:\xampp\htdocs\e3mtechnologie-com\wp-content\plugins\sitepress-multilingual-cms\lib\dqml2tree.php on line 475
[19-Sep-2020 17:09:17 UTC] PHP Deprecated:  The each() function is deprecated. This message will be suppressed on further calls in C:\xampp\htdocs\e3mtechnologie-com\wp-content\plugins\sitepress-multilingual-cms\lib\dqml2tree.php on line 475
[19-Sep-2020 17:09:21 UTC] PHP Deprecated:  The each() function is deprecated. This message will be suppressed on further calls in C:\xampp\htdocs\e3mtechnologie-com\wp-content\plugins\sitepress-multilingual-cms\lib\dqml2tree.php on line 475
[19-Sep-2020 17:09:24 UTC] PHP Deprecated:  The each() function is deprecated. This message will be suppressed on further calls in C:\xampp\htdocs\e3mtechnologie-com\wp-content\plugins\sitepress-multilingual-cms\lib\dqml2tree.php on line 475
[19-Sep-2020 17:09:39 UTC] PHP Deprecated:  The each() function is deprecated. This message will be suppressed on further calls in C:\xampp\htdocs\e3mtechnologie-com\wp-content\plugins\sitepress-multilingual-cms\lib\dqml2tree.php on line 475
[19-Sep-2020 17:09:40 UTC] PHP Deprecated:  The each() function is deprecated. This message will be suppressed on further calls in C:\xampp\htdocs\e3mtechnologie-com\wp-content\plugins\sitepress-multilingual-cms\lib\dqml2tree.php on line 475
[19-Sep-2020 17:09:41 UTC] PHP Deprecated:  The each() function is deprecated. This message will be suppressed on further calls in C:\xampp\htdocs\e3mtechnologie-com\wp-content\plugins\sitepress-multilingual-cms\lib\dqml2tree.php on line 475
[19-Sep-2020 17:09:50 UTC] PHP Deprecated:  The each() function is deprecated. This message will be suppressed on further calls in C:\xampp\htdocs\e3mtechnologie-com\wp-content\plugins\sitepress-multilingual-cms\lib\dqml2tree.php on line 475
[19-Sep-2020 17:10:01 UTC] PHP Deprecated:  The each() function is deprecated. This message will be suppressed on further calls in C:\xampp\htdocs\e3mtechnologie-com\wp-content\plugins\sitepress-multilingual-cms\lib\dqml2tree.php on line 475
[19-Sep-2020 17:10:09 UTC] PHP Deprecated:  The each() function is deprecated. This message will be suppressed on further calls in C:\xampp\htdocs\e3mtechnologie-com\wp-content\plugins\sitepress-multilingual-cms\lib\dqml2tree.php on line 475
[19-Sep-2020 17:17:46 UTC] PHP Warning:  include(): Filename cannot be empty in C:\xampp\htdocs\e3mtechnologie-com\wp-content\themes\e3m\header.php on line 39
[19-Sep-2020 17:17:46 UTC] PHP Warning:  include(): Failed opening '' for inclusion (include_path='C:\xampp\php\PEAR') in C:\xampp\htdocs\e3mtechnologie-com\wp-content\themes\e3m\header.php on line 39
[19-Sep-2020 17:17:46 UTC] PHP Warning:  include(): Filename cannot be empty in C:\xampp\htdocs\e3mtechnologie-com\wp-content\themes\e3m\header.php on line 43
[19-Sep-2020 17:17:46 UTC] PHP Warning:  include(): Failed opening '' for inclusion (include_path='C:\xampp\php\PEAR') in C:\xampp\htdocs\e3mtechnologie-com\wp-content\themes\e3m\header.php on line 43
[19-Sep-2020 17:17:47 UTC] PHP Warning:  include(): Filename cannot be empty in C:\xampp\htdocs\e3mtechnologie-com\wp-content\themes\e3m\header.php on line 39
[19-Sep-2020 17:17:47 UTC] PHP Warning:  include(): Failed opening '' for inclusion (include_path='C:\xampp\php\PEAR') in C:\xampp\htdocs\e3mtechnologie-com\wp-content\themes\e3m\header.php on line 39
[19-Sep-2020 17:17:47 UTC] PHP Warning:  include(): Filename cannot be empty in C:\xampp\htdocs\e3mtechnologie-com\wp-content\themes\e3m\header.php on line 43
[19-Sep-2020 17:17:47 UTC] PHP Warning:  include(): Failed opening '' for inclusion (include_path='C:\xampp\php\PEAR') in C:\xampp\htdocs\e3mtechnologie-com\wp-content\themes\e3m\header.php on line 43
[19-Sep-2020 17:19:03 UTC] PHP Warning:  include(): Filename cannot be empty in C:\xampp\htdocs\e3mtechnologie-com\wp-content\themes\e3m\header.php on line 39
[19-Sep-2020 17:19:03 UTC] PHP Warning:  include(): Failed opening '' for inclusion (include_path='C:\xampp\php\PEAR') in C:\xampp\htdocs\e3mtechnologie-com\wp-content\themes\e3m\header.php on line 39
[19-Sep-2020 17:19:03 UTC] PHP Warning:  include(): Filename cannot be empty in C:\xampp\htdocs\e3mtechnologie-com\wp-content\themes\e3m\header.php on line 43
[19-Sep-2020 17:19:03 UTC] PHP Warning:  include(): Failed opening '' for inclusion (include_path='C:\xampp\php\PEAR') in C:\xampp\htdocs\e3mtechnologie-com\wp-content\themes\e3m\header.php on line 43
[19-Sep-2020 17:19:04 UTC] PHP Warning:  include(): Filename cannot be empty in C:\xampp\htdocs\e3mtechnologie-com\wp-content\themes\e3m\header.php on line 39
[19-Sep-2020 17:19:04 UTC] PHP Warning:  include(): Failed opening '' for inclusion (include_path='C:\xampp\php\PEAR') in C:\xampp\htdocs\e3mtechnologie-com\wp-content\themes\e3m\header.php on line 39
[19-Sep-2020 17:19:04 UTC] PHP Warning:  include(): Filename cannot be empty in C:\xampp\htdocs\e3mtechnologie-com\wp-content\themes\e3m\header.php on line 43
[19-Sep-2020 17:19:04 UTC] PHP Warning:  include(): Failed opening '' for inclusion (include_path='C:\xampp\php\PEAR') in C:\xampp\htdocs\e3mtechnologie-com\wp-content\themes\e3m\header.php on line 43
[19-Sep-2020 17:19:40 UTC] PHP Notice:  Trying to get property 'error' of non-object in C:\xampp\htdocs\e3mtechnologie-com\wp-admin\includes\ajax-actions.php on line 2628
[19-Sep-2020 17:19:45 UTC] PHP Notice:  Trying to get property 'error' of non-object in C:\xampp\htdocs\e3mtechnologie-com\wp-admin\includes\ajax-actions.php on line 2628
[19-Sep-2020 17:19:59 UTC] PHP Notice:  Undefined property: stdClass::$error in C:\xampp\htdocs\e3mtechnologie-com\wp-admin\includes\ajax-actions.php on line 2610
[19-Sep-2020 17:21:13 UTC] PHP Notice:  Undefined property: stdClass::$error in C:\xampp\htdocs\e3mtechnologie-com\wp-admin\includes\ajax-actions.php on line 2610
[19-Sep-2020 17:21:43 UTC] PHP Warning:  include(): Filename cannot be empty in C:\xampp\htdocs\e3mtechnologie-com\wp-content\themes\e3m\header.php on line 39
[19-Sep-2020 17:21:43 UTC] PHP Warning:  include(): Failed opening '' for inclusion (include_path='C:\xampp\php\PEAR') in C:\xampp\htdocs\e3mtechnologie-com\wp-content\themes\e3m\header.php on line 39
[19-Sep-2020 17:21:43 UTC] PHP Warning:  include(): Filename cannot be empty in C:\xampp\htdocs\e3mtechnologie-com\wp-content\themes\e3m\header.php on line 43
[19-Sep-2020 17:21:43 UTC] PHP Warning:  include(): Failed opening '' for inclusion (include_path='C:\xampp\php\PEAR') in C:\xampp\htdocs\e3mtechnologie-com\wp-content\themes\e3m\header.php on line 43
[19-Sep-2020 17:21:44 UTC] PHP Warning:  include(): Filename cannot be empty in C:\xampp\htdocs\e3mtechnologie-com\wp-content\themes\e3m\header.php on line 39
[19-Sep-2020 17:21:44 UTC] PHP Warning:  include(): Failed opening '' for inclusion (include_path='C:\xampp\php\PEAR') in C:\xampp\htdocs\e3mtechnologie-com\wp-content\themes\e3m\header.php on line 39
[19-Sep-2020 17:21:44 UTC] PHP Warning:  include(): Filename cannot be empty in C:\xampp\htdocs\e3mtechnologie-com\wp-content\themes\e3m\header.php on line 43
[19-Sep-2020 17:21:44 UTC] PHP Warning:  include(): Failed opening '' for inclusion (include_path='C:\xampp\php\PEAR') in C:\xampp\htdocs\e3mtechnologie-com\wp-content\themes\e3m\header.php on line 43
[21-Sep-2020 13:22:42 UTC] PHP Warning:  include(): Filename cannot be empty in C:\xampp\htdocs\e3mtechnologie-com\wp-content\themes\e3m\header.php on line 39
[21-Sep-2020 13:22:42 UTC] PHP Warning:  include(): Failed opening '' for inclusion (include_path='C:\xampp\php\PEAR') in C:\xampp\htdocs\e3mtechnologie-com\wp-content\themes\e3m\header.php on line 39
[21-Sep-2020 13:22:42 UTC] PHP Warning:  include(): Filename cannot be empty in C:\xampp\htdocs\e3mtechnologie-com\wp-content\themes\e3m\header.php on line 43
[21-Sep-2020 13:22:42 UTC] PHP Warning:  include(): Failed opening '' for inclusion (include_path='C:\xampp\php\PEAR') in C:\xampp\htdocs\e3mtechnologie-com\wp-content\themes\e3m\header.php on line 43
[21-Sep-2020 13:22:50 UTC] PHP Warning:  include(): Filename cannot be empty in C:\xampp\htdocs\e3mtechnologie-com\wp-content\themes\e3m\header.php on line 39
[21-Sep-2020 13:22:50 UTC] PHP Warning:  include(): Failed opening '' for inclusion (include_path='C:\xampp\php\PEAR') in C:\xampp\htdocs\e3mtechnologie-com\wp-content\themes\e3m\header.php on line 39
[21-Sep-2020 13:22:50 UTC] PHP Warning:  include(): Filename cannot be empty in C:\xampp\htdocs\e3mtechnologie-com\wp-content\themes\e3m\header.php on line 43
[21-Sep-2020 13:22:51 UTC] PHP Warning:  include(): Failed opening '' for inclusion (include_path='C:\xampp\php\PEAR') in C:\xampp\htdocs\e3mtechnologie-com\wp-content\themes\e3m\header.php on line 43
[21-Sep-2020 13:24:09 UTC] PHP Warning:  include(): Filename cannot be empty in C:\xampp\htdocs\e3mtechnologie-com\wp-content\themes\e3m\header.php on line 39
[21-Sep-2020 13:24:09 UTC] PHP Warning:  include(): Failed opening '' for inclusion (include_path='C:\xampp\php\PEAR') in C:\xampp\htdocs\e3mtechnologie-com\wp-content\themes\e3m\header.php on line 39
[21-Sep-2020 13:24:09 UTC] PHP Warning:  include(): Filename cannot be empty in C:\xampp\htdocs\e3mtechnologie-com\wp-content\themes\e3m\header.php on line 43
[21-Sep-2020 13:24:09 UTC] PHP Warning:  include(): Failed opening '' for inclusion (include_path='C:\xampp\php\PEAR') in C:\xampp\htdocs\e3mtechnologie-com\wp-content\themes\e3m\header.php on line 43
[21-Sep-2020 13:24:10 UTC] PHP Warning:  include(): Filename cannot be empty in C:\xampp\htdocs\e3mtechnologie-com\wp-content\themes\e3m\header.php on line 39
[21-Sep-2020 13:24:10 UTC] PHP Warning:  include(): Failed opening '' for inclusion (include_path='C:\xampp\php\PEAR') in C:\xampp\htdocs\e3mtechnologie-com\wp-content\themes\e3m\header.php on line 39
[21-Sep-2020 13:24:10 UTC] PHP Warning:  include(): Filename cannot be empty in C:\xampp\htdocs\e3mtechnologie-com\wp-content\themes\e3m\header.php on line 43
[21-Sep-2020 13:24:10 UTC] PHP Warning:  include(): Failed opening '' for inclusion (include_path='C:\xampp\php\PEAR') in C:\xampp\htdocs\e3mtechnologie-com\wp-content\themes\e3m\header.php on line 43
[21-Sep-2020 16:40:52 UTC] PHP Notice:  Undefined index: titre_propos in C:\xampp\htdocs\e3mtechnologie-com\wp-content\themes\e3m\template-home.php on line 25
[21-Sep-2020 16:40:52 UTC] PHP Notice:  Undefined index: texte_propos in C:\xampp\htdocs\e3mtechnologie-com\wp-content\themes\e3m\template-home.php on line 36
[21-Sep-2020 16:50:32 UTC] PHP Notice:  Undefined index: titre_cuir in C:\xampp\htdocs\e3mtechnologie-com\wp-content\themes\e3m\template-home.php on line 56
[21-Sep-2020 16:50:32 UTC] PHP Notice:  Undefined index: texte_cuir in C:\xampp\htdocs\e3mtechnologie-com\wp-content\themes\e3m\template-home.php on line 57
[21-Sep-2020 16:50:32 UTC] PHP Notice:  Undefined index: liste_de_produits in C:\xampp\htdocs\e3mtechnologie-com\wp-content\themes\e3m\template-home.php on line 59
[21-Sep-2020 16:50:32 UTC] PHP Notice:  Undefined index: titre_lien in C:\xampp\htdocs\e3mtechnologie-com\wp-content\themes\e3m\template-home.php on line 59
[21-Sep-2020 16:50:32 UTC] PHP Notice:  Undefined index: titre_cuir in C:\xampp\htdocs\e3mtechnologie-com\wp-content\themes\e3m\template-home.php on line 56
[21-Sep-2020 16:50:32 UTC] PHP Notice:  Undefined index: texte_cuir in C:\xampp\htdocs\e3mtechnologie-com\wp-content\themes\e3m\template-home.php on line 57
[21-Sep-2020 16:50:32 UTC] PHP Notice:  Undefined index: liste_de_produits in C:\xampp\htdocs\e3mtechnologie-com\wp-content\themes\e3m\template-home.php on line 59
[21-Sep-2020 16:50:32 UTC] PHP Notice:  Undefined index: titre_lien in C:\xampp\htdocs\e3mtechnologie-com\wp-content\themes\e3m\template-home.php on line 59
[21-Sep-2020 16:50:32 UTC] PHP Notice:  Undefined index: titre_cuir in C:\xampp\htdocs\e3mtechnologie-com\wp-content\themes\e3m\template-home.php on line 56
[21-Sep-2020 16:50:32 UTC] PHP Notice:  Undefined index: texte_cuir in C:\xampp\htdocs\e3mtechnologie-com\wp-content\themes\e3m\template-home.php on line 57
[21-Sep-2020 16:50:32 UTC] PHP Notice:  Undefined index: liste_de_produits in C:\xampp\htdocs\e3mtechnologie-com\wp-content\themes\e3m\template-home.php on line 59
[21-Sep-2020 16:50:32 UTC] PHP Notice:  Undefined index: titre_lien in C:\xampp\htdocs\e3mtechnologie-com\wp-content\themes\e3m\template-home.php on line 59
[21-Sep-2020 16:50:32 UTC] PHP Notice:  Undefined index: titre_cuir in C:\xampp\htdocs\e3mtechnologie-com\wp-content\themes\e3m\template-home.php on line 56
[21-Sep-2020 16:50:32 UTC] PHP Notice:  Undefined index: texte_cuir in C:\xampp\htdocs\e3mtechnologie-com\wp-content\themes\e3m\template-home.php on line 57
[21-Sep-2020 16:50:32 UTC] PHP Notice:  Undefined index: liste_de_produits in C:\xampp\htdocs\e3mtechnologie-com\wp-content\themes\e3m\template-home.php on line 59
[21-Sep-2020 16:50:32 UTC] PHP Notice:  Undefined index: titre_lien in C:\xampp\htdocs\e3mtechnologie-com\wp-content\themes\e3m\template-home.php on line 59
[21-Sep-2020 16:50:32 UTC] PHP Notice:  Undefined index: titre_cuir in C:\xampp\htdocs\e3mtechnologie-com\wp-content\themes\e3m\template-home.php on line 56
[21-Sep-2020 16:50:32 UTC] PHP Notice:  Undefined index: texte_cuir in C:\xampp\htdocs\e3mtechnologie-com\wp-content\themes\e3m\template-home.php on line 57
[21-Sep-2020 16:50:32 UTC] PHP Notice:  Undefined index: liste_de_produits in C:\xampp\htdocs\e3mtechnologie-com\wp-content\themes\e3m\template-home.php on line 59
[21-Sep-2020 16:50:32 UTC] PHP Notice:  Undefined index: titre_lien in C:\xampp\htdocs\e3mtechnologie-com\wp-content\themes\e3m\template-home.php on line 59
[21-Sep-2020 16:50:32 UTC] PHP Notice:  Undefined index: titre_cuir in C:\xampp\htdocs\e3mtechnologie-com\wp-content\themes\e3m\template-home.php on line 56
[21-Sep-2020 16:50:32 UTC] PHP Notice:  Undefined index: texte_cuir in C:\xampp\htdocs\e3mtechnologie-com\wp-content\themes\e3m\template-home.php on line 57
[21-Sep-2020 16:50:32 UTC] PHP Notice:  Undefined index: liste_de_produits in C:\xampp\htdocs\e3mtechnologie-com\wp-content\themes\e3m\template-home.php on line 59
[21-Sep-2020 16:50:32 UTC] PHP Notice:  Undefined index: titre_lien in C:\xampp\htdocs\e3mtechnologie-com\wp-content\themes\e3m\template-home.php on line 59
[21-Sep-2020 16:50:32 UTC] PHP Notice:  Undefined index: titre_cuir in C:\xampp\htdocs\e3mtechnologie-com\wp-content\themes\e3m\template-home.php on line 56
[21-Sep-2020 16:50:32 UTC] PHP Notice:  Undefined index: texte_cuir in C:\xampp\htdocs\e3mtechnologie-com\wp-content\themes\e3m\template-home.php on line 57
[21-Sep-2020 16:50:32 UTC] PHP Notice:  Undefined index: liste_de_produits in C:\xampp\htdocs\e3mtechnologie-com\wp-content\themes\e3m\template-home.php on line 59
[21-Sep-2020 16:50:32 UTC] PHP Notice:  Undefined index: titre_lien in C:\xampp\htdocs\e3mtechnologie-com\wp-content\themes\e3m\template-home.php on line 59
[21-Sep-2020 16:50:32 UTC] PHP Notice:  Undefined index: titre_cuir in C:\xampp\htdocs\e3mtechnologie-com\wp-content\themes\e3m\template-home.php on line 56
[21-Sep-2020 16:50:32 UTC] PHP Notice:  Undefined index: texte_cuir in C:\xampp\htdocs\e3mtechnologie-com\wp-content\themes\e3m\template-home.php on line 57
[21-Sep-2020 16:50:32 UTC] PHP Notice:  Undefined index: liste_de_produits in C:\xampp\htdocs\e3mtechnologie-com\wp-content\themes\e3m\template-home.php on line 59
[21-Sep-2020 16:50:32 UTC] PHP Notice:  Undefined index: titre_lien in C:\xampp\htdocs\e3mtechnologie-com\wp-content\themes\e3m\template-home.php on line 59
[21-Sep-2020 16:50:32 UTC] PHP Notice:  Undefined index: titre_cuir in C:\xampp\htdocs\e3mtechnologie-com\wp-content\themes\e3m\template-home.php on line 56
[21-Sep-2020 16:50:32 UTC] PHP Notice:  Undefined index: texte_cuir in C:\xampp\htdocs\e3mtechnologie-com\wp-content\themes\e3m\template-home.php on line 57
[21-Sep-2020 16:50:32 UTC] PHP Notice:  Undefined index: liste_de_produits in C:\xampp\htdocs\e3mtechnologie-com\wp-content\themes\e3m\template-home.php on line 59
[21-Sep-2020 16:50:32 UTC] PHP Notice:  Undefined index: titre_lien in C:\xampp\htdocs\e3mtechnologie-com\wp-content\themes\e3m\template-home.php on line 59
[21-Sep-2020 16:50:32 UTC] PHP Notice:  Undefined index: titre_cuir in C:\xampp\htdocs\e3mtechnologie-com\wp-content\themes\e3m\template-home.php on line 56
[21-Sep-2020 16:50:32 UTC] PHP Notice:  Undefined index: texte_cuir in C:\xampp\htdocs\e3mtechnologie-com\wp-content\themes\e3m\template-home.php on line 57
[21-Sep-2020 16:50:32 UTC] PHP Notice:  Undefined index: liste_de_produits in C:\xampp\htdocs\e3mtechnologie-com\wp-content\themes\e3m\template-home.php on line 59
[21-Sep-2020 16:50:32 UTC] PHP Notice:  Undefined index: titre_lien in C:\xampp\htdocs\e3mtechnologie-com\wp-content\themes\e3m\template-home.php on line 59
[21-Sep-2020 16:50:32 UTC] PHP Notice:  Undefined index: titre_cuir in C:\xampp\htdocs\e3mtechnologie-com\wp-content\themes\e3m\template-home.php on line 79
[21-Sep-2020 16:50:32 UTC] PHP Notice:  Undefined index: texte_cuir in C:\xampp\htdocs\e3mtechnologie-com\wp-content\themes\e3m\template-home.php on line 80
[21-Sep-2020 16:50:32 UTC] PHP Notice:  Undefined index: liste_de_produits in C:\xampp\htdocs\e3mtechnologie-com\wp-content\themes\e3m\template-home.php on line 82
[21-Sep-2020 16:50:32 UTC] PHP Notice:  Undefined index: titre_lien in C:\xampp\htdocs\e3mtechnologie-com\wp-content\themes\e3m\template-home.php on line 82
[21-Sep-2020 16:50:32 UTC] PHP Notice:  Array to string conversion in C:\xampp\htdocs\e3mtechnologie-com\wp-content\themes\e3m\template-home.php on line 91
[21-Sep-2020 16:50:32 UTC] PHP Notice:  Array to string conversion in C:\xampp\htdocs\e3mtechnologie-com\wp-content\themes\e3m\template-home.php on line 91
[21-Sep-2020 16:50:32 UTC] PHP Notice:  Array to string conversion in C:\xampp\htdocs\e3mtechnologie-com\wp-content\themes\e3m\template-home.php on line 91
[21-Sep-2020 16:50:32 UTC] PHP Notice:  Array to string conversion in C:\xampp\htdocs\e3mtechnologie-com\wp-content\themes\e3m\template-home.php on line 91
[21-Sep-2020 16:50:32 UTC] PHP Notice:  Array to string conversion in C:\xampp\htdocs\e3mtechnologie-com\wp-content\themes\e3m\template-home.php on line 91
[21-Sep-2020 16:50:32 UTC] PHP Notice:  Array to string conversion in C:\xampp\htdocs\e3mtechnologie-com\wp-content\themes\e3m\template-home.php on line 91
[21-Sep-2020 16:50:32 UTC] PHP Notice:  Array to string conversion in C:\xampp\htdocs\e3mtechnologie-com\wp-content\themes\e3m\template-home.php on line 91
[21-Sep-2020 16:51:12 UTC] PHP Notice:  Undefined index: titre_cuir in C:\xampp\htdocs\e3mtechnologie-com\wp-content\themes\e3m\template-home.php on line 59
[21-Sep-2020 16:51:12 UTC] PHP Notice:  Undefined index: texte_cuir in C:\xampp\htdocs\e3mtechnologie-com\wp-content\themes\e3m\template-home.php on line 60
[21-Sep-2020 16:51:12 UTC] PHP Notice:  Undefined index: liste_de_produits in C:\xampp\htdocs\e3mtechnologie-com\wp-content\themes\e3m\template-home.php on line 62
[21-Sep-2020 16:51:12 UTC] PHP Notice:  Undefined index: titre_lien in C:\xampp\htdocs\e3mtechnologie-com\wp-content\themes\e3m\template-home.php on line 62
[21-Sep-2020 16:51:12 UTC] PHP Notice:  Undefined index: titre_cuir in C:\xampp\htdocs\e3mtechnologie-com\wp-content\themes\e3m\template-home.php on line 80
[21-Sep-2020 16:51:12 UTC] PHP Notice:  Undefined index: texte_cuir in C:\xampp\htdocs\e3mtechnologie-com\wp-content\themes\e3m\template-home.php on line 81
[21-Sep-2020 16:51:12 UTC] PHP Notice:  Undefined index: liste_de_produits in C:\xampp\htdocs\e3mtechnologie-com\wp-content\themes\e3m\template-home.php on line 83
[21-Sep-2020 16:51:12 UTC] PHP Notice:  Undefined index: titre_lien in C:\xampp\htdocs\e3mtechnologie-com\wp-content\themes\e3m\template-home.php on line 83
[21-Sep-2020 16:51:12 UTC] PHP Notice:  Array to string conversion in C:\xampp\htdocs\e3mtechnologie-com\wp-content\themes\e3m\template-home.php on line 92
[21-Sep-2020 16:51:12 UTC] PHP Notice:  Array to string conversion in C:\xampp\htdocs\e3mtechnologie-com\wp-content\themes\e3m\template-home.php on line 92
[21-Sep-2020 16:51:12 UTC] PHP Notice:  Array to string conversion in C:\xampp\htdocs\e3mtechnologie-com\wp-content\themes\e3m\template-home.php on line 92
[21-Sep-2020 16:51:12 UTC] PHP Notice:  Array to string conversion in C:\xampp\htdocs\e3mtechnologie-com\wp-content\themes\e3m\template-home.php on line 92
[21-Sep-2020 16:51:12 UTC] PHP Notice:  Array to string conversion in C:\xampp\htdocs\e3mtechnologie-com\wp-content\themes\e3m\template-home.php on line 92
[21-Sep-2020 16:51:12 UTC] PHP Notice:  Array to string conversion in C:\xampp\htdocs\e3mtechnologie-com\wp-content\themes\e3m\template-home.php on line 92
[21-Sep-2020 16:51:12 UTC] PHP Notice:  Array to string conversion in C:\xampp\htdocs\e3mtechnologie-com\wp-content\themes\e3m\template-home.php on line 92
[21-Sep-2020 16:57:05 UTC] PHP Notice:  Undefined index: titre_cuir in C:\xampp\htdocs\e3mtechnologie-com\wp-content\themes\e3m\template-home.php on line 59
[21-Sep-2020 16:57:05 UTC] PHP Notice:  Undefined index: titre_cuir_2 in C:\xampp\htdocs\e3mtechnologie-com\wp-content\themes\e3m\template-home.php on line 60
[21-Sep-2020 16:57:05 UTC] PHP Notice:  Undefined index: texte_cuir in C:\xampp\htdocs\e3mtechnologie-com\wp-content\themes\e3m\template-home.php on line 61
[21-Sep-2020 16:57:05 UTC] PHP Notice:  Undefined index: liste_de_produits in C:\xampp\htdocs\e3mtechnologie-com\wp-content\themes\e3m\template-home.php on line 63
[21-Sep-2020 16:57:05 UTC] PHP Notice:  Undefined index: titre_lien in C:\xampp\htdocs\e3mtechnologie-com\wp-content\themes\e3m\template-home.php on line 63
[21-Sep-2020 16:57:05 UTC] PHP Notice:  Undefined index: titre_mission in C:\xampp\htdocs\e3mtechnologie-com\wp-content\themes\e3m\template-home.php on line 81
[21-Sep-2020 16:57:05 UTC] PHP Notice:  Undefined index: texte_mission in C:\xampp\htdocs\e3mtechnologie-com\wp-content\themes\e3m\template-home.php on line 82
[21-Sep-2020 16:57:05 UTC] PHP Notice:  Array to string conversion in C:\xampp\htdocs\e3mtechnologie-com\wp-content\themes\e3m\template-home.php on line 92
[21-Sep-2020 16:57:05 UTC] PHP Notice:  Array to string conversion in C:\xampp\htdocs\e3mtechnologie-com\wp-content\themes\e3m\template-home.php on line 92
[21-Sep-2020 16:57:05 UTC] PHP Notice:  Array to string conversion in C:\xampp\htdocs\e3mtechnologie-com\wp-content\themes\e3m\template-home.php on line 92
[21-Sep-2020 16:57:05 UTC] PHP Notice:  Array to string conversion in C:\xampp\htdocs\e3mtechnologie-com\wp-content\themes\e3m\template-home.php on line 92
[21-Sep-2020 16:57:05 UTC] PHP Notice:  Array to string conversion in C:\xampp\htdocs\e3mtechnologie-com\wp-content\themes\e3m\template-home.php on line 92
[21-Sep-2020 16:57:05 UTC] PHP Notice:  Array to string conversion in C:\xampp\htdocs\e3mtechnologie-com\wp-content\themes\e3m\template-home.php on line 92
[21-Sep-2020 16:57:05 UTC] PHP Notice:  Array to string conversion in C:\xampp\htdocs\e3mtechnologie-com\wp-content\themes\e3m\template-home.php on line 92
[21-Sep-2020 16:57:05 UTC] PHP Notice:  Undefined index: titre_communaute in C:\xampp\htdocs\e3mtechnologie-com\wp-content\themes\e3m\template-home.php on line 106
[21-Sep-2020 16:57:05 UTC] PHP Notice:  Undefined index: titre_communaute_2 in C:\xampp\htdocs\e3mtechnologie-com\wp-content\themes\e3m\template-home.php on line 107
[21-Sep-2020 16:57:05 UTC] PHP Notice:  Undefined index: texte_communaute in C:\xampp\htdocs\e3mtechnologie-com\wp-content\themes\e3m\template-home.php on line 108
[21-Sep-2020 16:58:25 UTC] PHP Notice:  Undefined index: titre_lien in C:\xampp\htdocs\e3mtechnologie-com\wp-content\themes\e3m\template-home.php on line 63
[21-Sep-2020 16:58:25 UTC] PHP Notice:  Array to string conversion in C:\xampp\htdocs\e3mtechnologie-com\wp-content\themes\e3m\template-home.php on line 92
[21-Sep-2020 16:58:25 UTC] PHP Notice:  Array to string conversion in C:\xampp\htdocs\e3mtechnologie-com\wp-content\themes\e3m\template-home.php on line 92
[21-Sep-2020 16:58:25 UTC] PHP Notice:  Array to string conversion in C:\xampp\htdocs\e3mtechnologie-com\wp-content\themes\e3m\template-home.php on line 92
[21-Sep-2020 16:58:25 UTC] PHP Notice:  Array to string conversion in C:\xampp\htdocs\e3mtechnologie-com\wp-content\themes\e3m\template-home.php on line 92
[21-Sep-2020 16:58:25 UTC] PHP Notice:  Array to string conversion in C:\xampp\htdocs\e3mtechnologie-com\wp-content\themes\e3m\template-home.php on line 92
[21-Sep-2020 16:58:25 UTC] PHP Notice:  Array to string conversion in C:\xampp\htdocs\e3mtechnologie-com\wp-content\themes\e3m\template-home.php on line 92
[21-Sep-2020 16:58:25 UTC] PHP Notice:  Array to string conversion in C:\xampp\htdocs\e3mtechnologie-com\wp-content\themes\e3m\template-home.php on line 92
[21-Sep-2020 16:59:19 UTC] PHP Notice:  Array to string conversion in C:\xampp\htdocs\e3mtechnologie-com\wp-content\themes\e3m\template-home.php on line 92
[21-Sep-2020 16:59:19 UTC] PHP Notice:  Array to string conversion in C:\xampp\htdocs\e3mtechnologie-com\wp-content\themes\e3m\template-home.php on line 92
[21-Sep-2020 16:59:19 UTC] PHP Notice:  Array to string conversion in C:\xampp\htdocs\e3mtechnologie-com\wp-content\themes\e3m\template-home.php on line 92
[21-Sep-2020 16:59:19 UTC] PHP Notice:  Array to string conversion in C:\xampp\htdocs\e3mtechnologie-com\wp-content\themes\e3m\template-home.php on line 92
[21-Sep-2020 16:59:19 UTC] PHP Notice:  Array to string conversion in C:\xampp\htdocs\e3mtechnologie-com\wp-content\themes\e3m\template-home.php on line 92
[21-Sep-2020 16:59:19 UTC] PHP Notice:  Array to string conversion in C:\xampp\htdocs\e3mtechnologie-com\wp-content\themes\e3m\template-home.php on line 92
[21-Sep-2020 16:59:19 UTC] PHP Notice:  Array to string conversion in C:\xampp\htdocs\e3mtechnologie-com\wp-content\themes\e3m\template-home.php on line 92
[21-Sep-2020 17:01:25 UTC] PHP Notice:  Array to string conversion in C:\xampp\htdocs\e3mtechnologie-com\wp-content\themes\e3m\template-home.php on line 92
[21-Sep-2020 17:01:25 UTC] PHP Notice:  Array to string conversion in C:\xampp\htdocs\e3mtechnologie-com\wp-content\themes\e3m\template-home.php on line 92
[21-Sep-2020 17:01:25 UTC] PHP Notice:  Array to string conversion in C:\xampp\htdocs\e3mtechnologie-com\wp-content\themes\e3m\template-home.php on line 92
[21-Sep-2020 17:01:25 UTC] PHP Notice:  Array to string conversion in C:\xampp\htdocs\e3mtechnologie-com\wp-content\themes\e3m\template-home.php on line 92
[21-Sep-2020 17:01:25 UTC] PHP Notice:  Array to string conversion in C:\xampp\htdocs\e3mtechnologie-com\wp-content\themes\e3m\template-home.php on line 92
[21-Sep-2020 17:01:25 UTC] PHP Notice:  Array to string conversion in C:\xampp\htdocs\e3mtechnologie-com\wp-content\themes\e3m\template-home.php on line 92
[21-Sep-2020 17:01:25 UTC] PHP Notice:  Array to string conversion in C:\xampp\htdocs\e3mtechnologie-com\wp-content\themes\e3m\template-home.php on line 92
[21-Sep-2020 17:02:41 UTC] PHP Notice:  Array to string conversion in C:\xampp\htdocs\e3mtechnologie-com\wp-content\themes\e3m\template-home.php on line 92
[21-Sep-2020 17:02:41 UTC] PHP Notice:  Array to string conversion in C:\xampp\htdocs\e3mtechnologie-com\wp-content\themes\e3m\template-home.php on line 92
[21-Sep-2020 17:02:41 UTC] PHP Notice:  Array to string conversion in C:\xampp\htdocs\e3mtechnologie-com\wp-content\themes\e3m\template-home.php on line 92
[21-Sep-2020 17:02:41 UTC] PHP Notice:  Array to string conversion in C:\xampp\htdocs\e3mtechnologie-com\wp-content\themes\e3m\template-home.php on line 92
[21-Sep-2020 17:02:41 UTC] PHP Notice:  Array to string conversion in C:\xampp\htdocs\e3mtechnologie-com\wp-content\themes\e3m\template-home.php on line 92
[21-Sep-2020 17:02:41 UTC] PHP Notice:  Array to string conversion in C:\xampp\htdocs\e3mtechnologie-com\wp-content\themes\e3m\template-home.php on line 92
[21-Sep-2020 17:02:41 UTC] PHP Notice:  Array to string conversion in C:\xampp\htdocs\e3mtechnologie-com\wp-content\themes\e3m\template-home.php on line 92
[21-Sep-2020 17:14:08 UTC] PHP Notice:  Array to string conversion in C:\xampp\htdocs\e3mtechnologie-com\wp-content\plugins\advanced-custom-fields-pro\includes\api\api-template.php on line 790
[21-Sep-2020 17:14:08 UTC] PHP Notice:  Array to string conversion in C:\xampp\htdocs\e3mtechnologie-com\wp-content\plugins\advanced-custom-fields-pro\includes\api\api-template.php on line 790
[21-Sep-2020 17:14:08 UTC] PHP Notice:  Array to string conversion in C:\xampp\htdocs\e3mtechnologie-com\wp-content\plugins\advanced-custom-fields-pro\includes\api\api-template.php on line 790
[21-Sep-2020 17:14:08 UTC] PHP Notice:  Array to string conversion in C:\xampp\htdocs\e3mtechnologie-com\wp-content\plugins\advanced-custom-fields-pro\includes\api\api-template.php on line 790
[21-Sep-2020 17:14:08 UTC] PHP Notice:  Array to string conversion in C:\xampp\htdocs\e3mtechnologie-com\wp-content\plugins\advanced-custom-fields-pro\includes\api\api-template.php on line 790
[21-Sep-2020 17:14:08 UTC] PHP Notice:  Array to string conversion in C:\xampp\htdocs\e3mtechnologie-com\wp-content\plugins\advanced-custom-fields-pro\includes\api\api-template.php on line 790
[21-Sep-2020 17:14:14 UTC] PHP Notice:  Array to string conversion in C:\xampp\htdocs\e3mtechnologie-com\wp-content\plugins\advanced-custom-fields-pro\includes\api\api-template.php on line 790
[21-Sep-2020 17:14:14 UTC] PHP Notice:  Array to string conversion in C:\xampp\htdocs\e3mtechnologie-com\wp-content\plugins\advanced-custom-fields-pro\includes\api\api-template.php on line 790
[21-Sep-2020 17:14:14 UTC] PHP Notice:  Array to string conversion in C:\xampp\htdocs\e3mtechnologie-com\wp-content\plugins\advanced-custom-fields-pro\includes\api\api-template.php on line 790
[21-Sep-2020 17:14:14 UTC] PHP Notice:  Array to string conversion in C:\xampp\htdocs\e3mtechnologie-com\wp-content\plugins\advanced-custom-fields-pro\includes\api\api-template.php on line 790
[21-Sep-2020 17:14:14 UTC] PHP Notice:  Array to string conversion in C:\xampp\htdocs\e3mtechnologie-com\wp-content\plugins\advanced-custom-fields-pro\includes\api\api-template.php on line 790
[21-Sep-2020 17:14:14 UTC] PHP Notice:  Array to string conversion in C:\xampp\htdocs\e3mtechnologie-com\wp-content\plugins\advanced-custom-fields-pro\includes\api\api-template.php on line 790
[21-Sep-2020 17:14:14 UTC] PHP Notice:  Array to string conversion in C:\xampp\htdocs\e3mtechnologie-com\wp-content\plugins\advanced-custom-fields-pro\includes\api\api-template.php on line 790
[21-Sep-2020 17:14:14 UTC] PHP Notice:  Array to string conversion in C:\xampp\htdocs\e3mtechnologie-com\wp-content\plugins\advanced-custom-fields-pro\includes\api\api-template.php on line 790
[21-Sep-2020 17:14:14 UTC] PHP Notice:  Array to string conversion in C:\xampp\htdocs\e3mtechnologie-com\wp-content\plugins\advanced-custom-fields-pro\includes\api\api-template.php on line 790
[21-Sep-2020 17:14:14 UTC] PHP Notice:  Array to string conversion in C:\xampp\htdocs\e3mtechnologie-com\wp-content\plugins\advanced-custom-fields-pro\includes\api\api-template.php on line 790
[21-Sep-2020 17:14:15 UTC] PHP Notice:  Array to string conversion in C:\xampp\htdocs\e3mtechnologie-com\wp-content\plugins\advanced-custom-fields-pro\includes\api\api-template.php on line 790
[21-Sep-2020 17:14:15 UTC] PHP Notice:  Array to string conversion in C:\xampp\htdocs\e3mtechnologie-com\wp-content\plugins\advanced-custom-fields-pro\includes\api\api-template.php on line 790
[21-Sep-2020 17:16:35 UTC] PHP Notice:  Array to string conversion in C:\xampp\htdocs\e3mtechnologie-com\wp-content\plugins\advanced-custom-fields-pro\includes\api\api-template.php on line 790
[21-Sep-2020 17:16:35 UTC] PHP Notice:  Array to string conversion in C:\xampp\htdocs\e3mtechnologie-com\wp-content\plugins\advanced-custom-fields-pro\includes\api\api-template.php on line 790
[21-Sep-2020 17:16:35 UTC] PHP Notice:  Array to string conversion in C:\xampp\htdocs\e3mtechnologie-com\wp-content\plugins\advanced-custom-fields-pro\includes\api\api-template.php on line 790
[21-Sep-2020 17:16:35 UTC] PHP Notice:  Array to string conversion in C:\xampp\htdocs\e3mtechnologie-com\wp-content\plugins\advanced-custom-fields-pro\includes\api\api-template.php on line 790
[21-Sep-2020 17:16:35 UTC] PHP Notice:  Array to string conversion in C:\xampp\htdocs\e3mtechnologie-com\wp-content\plugins\advanced-custom-fields-pro\includes\api\api-template.php on line 790
[21-Sep-2020 17:16:35 UTC] PHP Notice:  Array to string conversion in C:\xampp\htdocs\e3mtechnologie-com\wp-content\plugins\advanced-custom-fields-pro\includes\api\api-template.php on line 790
[21-Sep-2020 17:16:41 UTC] PHP Notice:  Array to string conversion in C:\xampp\htdocs\e3mtechnologie-com\wp-content\plugins\advanced-custom-fields-pro\includes\api\api-template.php on line 790
[21-Sep-2020 17:16:41 UTC] PHP Notice:  Array to string conversion in C:\xampp\htdocs\e3mtechnologie-com\wp-content\plugins\advanced-custom-fields-pro\includes\api\api-template.php on line 790
[21-Sep-2020 17:16:42 UTC] PHP Notice:  Array to string conversion in C:\xampp\htdocs\e3mtechnologie-com\wp-content\plugins\advanced-custom-fields-pro\includes\api\api-template.php on line 790
[21-Sep-2020 17:16:42 UTC] PHP Notice:  Array to string conversion in C:\xampp\htdocs\e3mtechnologie-com\wp-content\plugins\advanced-custom-fields-pro\includes\api\api-template.php on line 790
[21-Sep-2020 17:16:42 UTC] PHP Notice:  Array to string conversion in C:\xampp\htdocs\e3mtechnologie-com\wp-content\plugins\advanced-custom-fields-pro\includes\api\api-template.php on line 790
[21-Sep-2020 17:16:42 UTC] PHP Notice:  Array to string conversion in C:\xampp\htdocs\e3mtechnologie-com\wp-content\plugins\advanced-custom-fields-pro\includes\api\api-template.php on line 790
[21-Sep-2020 17:16:42 UTC] PHP Notice:  Array to string conversion in C:\xampp\htdocs\e3mtechnologie-com\wp-content\plugins\advanced-custom-fields-pro\includes\api\api-template.php on line 790
[21-Sep-2020 17:16:42 UTC] PHP Notice:  Array to string conversion in C:\xampp\htdocs\e3mtechnologie-com\wp-content\plugins\advanced-custom-fields-pro\includes\api\api-template.php on line 790
[21-Sep-2020 17:16:42 UTC] PHP Notice:  Array to string conversion in C:\xampp\htdocs\e3mtechnologie-com\wp-content\plugins\advanced-custom-fields-pro\includes\api\api-template.php on line 790
[21-Sep-2020 17:16:42 UTC] PHP Notice:  Array to string conversion in C:\xampp\htdocs\e3mtechnologie-com\wp-content\plugins\advanced-custom-fields-pro\includes\api\api-template.php on line 790
[21-Sep-2020 17:16:42 UTC] PHP Notice:  Array to string conversion in C:\xampp\htdocs\e3mtechnologie-com\wp-content\plugins\advanced-custom-fields-pro\includes\api\api-template.php on line 790
[21-Sep-2020 17:16:42 UTC] PHP Notice:  Array to string conversion in C:\xampp\htdocs\e3mtechnologie-com\wp-content\plugins\advanced-custom-fields-pro\includes\api\api-template.php on line 790
[22-Sep-2020 18:52:27 UTC] PHP Warning:  Invalid argument supplied for foreach() in C:\xampp\htdocs\e3mtechnologie-com\wp-content\themes\e3m\template-home.php on line 75
[22-Sep-2020 18:52:27 UTC] PHP Warning:  Invalid argument supplied for foreach() in C:\xampp\htdocs\e3mtechnologie-com\wp-content\themes\e3m\template-home.php on line 102
[23-Sep-2020 18:23:42 UTC] PHP Warning:  Illegal string offset 'url' in C:\xampp\htdocs\e3mtechnologie-com\wp-content\themes\e3m\template-home.php on line 35
[23-Sep-2020 18:23:42 UTC] PHP Warning:  Illegal string offset 'alt' in C:\xampp\htdocs\e3mtechnologie-com\wp-content\themes\e3m\template-home.php on line 36
[23-Sep-2020 18:25:59 UTC] PHP Warning:  Illegal string offset 'url' in C:\xampp\htdocs\e3mtechnologie-com\wp-content\themes\e3m\template-home.php on line 42
[23-Sep-2020 18:25:59 UTC] PHP Warning:  Illegal string offset 'alt' in C:\xampp\htdocs\e3mtechnologie-com\wp-content\themes\e3m\template-home.php on line 43
[23-Sep-2020 18:25:59 UTC] PHP Warning:  Illegal string offset 'url' in C:\xampp\htdocs\e3mtechnologie-com\wp-content\themes\e3m\template-home.php on line 69
[23-Sep-2020 18:25:59 UTC] PHP Warning:  Illegal string offset 'alt' in C:\xampp\htdocs\e3mtechnologie-com\wp-content\themes\e3m\template-home.php on line 71
[23-Sep-2020 18:25:59 UTC] PHP Warning:  Illegal string offset 'url' in C:\xampp\htdocs\e3mtechnologie-com\wp-content\themes\e3m\template-home.php on line 69
[23-Sep-2020 18:25:59 UTC] PHP Warning:  Illegal string offset 'alt' in C:\xampp\htdocs\e3mtechnologie-com\wp-content\themes\e3m\template-home.php on line 71
[23-Sep-2020 18:25:59 UTC] PHP Warning:  Illegal string offset 'url' in C:\xampp\htdocs\e3mtechnologie-com\wp-content\themes\e3m\template-home.php on line 69
[23-Sep-2020 18:25:59 UTC] PHP Warning:  Illegal string offset 'alt' in C:\xampp\htdocs\e3mtechnologie-com\wp-content\themes\e3m\template-home.php on line 71
[23-Sep-2020 18:25:59 UTC] PHP Warning:  Illegal string offset 'url' in C:\xampp\htdocs\e3mtechnologie-com\wp-content\themes\e3m\template-home.php on line 69
[23-Sep-2020 18:25:59 UTC] PHP Warning:  Illegal string offset 'alt' in C:\xampp\htdocs\e3mtechnologie-com\wp-content\themes\e3m\template-home.php on line 71
[23-Sep-2020 18:25:59 UTC] PHP Warning:  Illegal string offset 'url' in C:\xampp\htdocs\e3mtechnologie-com\wp-content\themes\e3m\template-home.php on line 69
[23-Sep-2020 18:25:59 UTC] PHP Warning:  Illegal string offset 'alt' in C:\xampp\htdocs\e3mtechnologie-com\wp-content\themes\e3m\template-home.php on line 71
[23-Sep-2020 18:25:59 UTC] PHP Warning:  Illegal string offset 'url' in C:\xampp\htdocs\e3mtechnologie-com\wp-content\themes\e3m\template-home.php on line 69
[23-Sep-2020 18:25:59 UTC] PHP Warning:  Illegal string offset 'alt' in C:\xampp\htdocs\e3mtechnologie-com\wp-content\themes\e3m\template-home.php on line 71
[23-Sep-2020 18:25:59 UTC] PHP Warning:  Illegal string offset 'url' in C:\xampp\htdocs\e3mtechnologie-com\wp-content\themes\e3m\template-home.php on line 69
[23-Sep-2020 18:25:59 UTC] PHP Warning:  Illegal string offset 'alt' in C:\xampp\htdocs\e3mtechnologie-com\wp-content\themes\e3m\template-home.php on line 71
[23-Sep-2020 18:25:59 UTC] PHP Warning:  Illegal string offset 'url' in C:\xampp\htdocs\e3mtechnologie-com\wp-content\themes\e3m\template-home.php on line 69
[23-Sep-2020 18:25:59 UTC] PHP Warning:  Illegal string offset 'alt' in C:\xampp\htdocs\e3mtechnologie-com\wp-content\themes\e3m\template-home.php on line 71
[23-Sep-2020 18:25:59 UTC] PHP Warning:  Illegal string offset 'url' in C:\xampp\htdocs\e3mtechnologie-com\wp-content\themes\e3m\template-home.php on line 69
[23-Sep-2020 18:25:59 UTC] PHP Warning:  Illegal string offset 'alt' in C:\xampp\htdocs\e3mtechnologie-com\wp-content\themes\e3m\template-home.php on line 71
[23-Sep-2020 18:25:59 UTC] PHP Warning:  Illegal string offset 'url' in C:\xampp\htdocs\e3mtechnologie-com\wp-content\themes\e3m\template-home.php on line 69
[23-Sep-2020 18:25:59 UTC] PHP Warning:  Illegal string offset 'alt' in C:\xampp\htdocs\e3mtechnologie-com\wp-content\themes\e3m\template-home.php on line 71
[23-Sep-2020 18:27:11 UTC] PHP Warning:  Illegal string offset 'url' in C:\xampp\htdocs\e3mtechnologie-com\wp-content\themes\e3m\template-home.php on line 42
[23-Sep-2020 18:27:11 UTC] PHP Warning:  Illegal string offset 'alt' in C:\xampp\htdocs\e3mtechnologie-com\wp-content\themes\e3m\template-home.php on line 43
[23-Sep-2020 18:27:46 UTC] PHP Warning:  Illegal string offset 'url' in C:\xampp\htdocs\e3mtechnologie-com\wp-content\themes\e3m\template-home.php on line 42
[23-Sep-2020 18:27:46 UTC] PHP Warning:  Illegal string offset 'alt' in C:\xampp\htdocs\e3mtechnologie-com\wp-content\themes\e3m\template-home.php on line 43
[23-Sep-2020 18:28:27 UTC] PHP Warning:  Illegal string offset 'url' in C:\xampp\htdocs\e3mtechnologie-com\wp-content\themes\e3m\template-home.php on line 42
[23-Sep-2020 18:28:27 UTC] PHP Warning:  Illegal string offset 'alt' in C:\xampp\htdocs\e3mtechnologie-com\wp-content\themes\e3m\template-home.php on line 43
[23-Sep-2020 18:29:01 UTC] PHP Warning:  Illegal string offset 'url' in C:\xampp\htdocs\e3mtechnologie-com\wp-content\themes\e3m\template-home.php on line 42
[23-Sep-2020 18:29:01 UTC] PHP Warning:  Illegal string offset 'alt' in C:\xampp\htdocs\e3mtechnologie-com\wp-content\themes\e3m\template-home.php on line 43
[23-Sep-2020 18:29:14 UTC] PHP Warning:  Illegal string offset 'url' in C:\xampp\htdocs\e3mtechnologie-com\wp-content\themes\e3m\template-home.php on line 42
[23-Sep-2020 18:29:14 UTC] PHP Warning:  Illegal string offset 'alt' in C:\xampp\htdocs\e3mtechnologie-com\wp-content\themes\e3m\template-home.php on line 43
[23-Sep-2020 18:29:20 UTC] PHP Warning:  Illegal string offset 'url' in C:\xampp\htdocs\e3mtechnologie-com\wp-content\themes\e3m\template-home.php on line 42
[23-Sep-2020 18:29:20 UTC] PHP Warning:  Illegal string offset 'alt' in C:\xampp\htdocs\e3mtechnologie-com\wp-content\themes\e3m\template-home.php on line 43
[23-Sep-2020 18:30:12 UTC] PHP Warning:  Illegal string offset 'url' in C:\xampp\htdocs\e3mtechnologie-com\wp-content\themes\e3m\template-home.php on line 42
[23-Sep-2020 18:30:12 UTC] PHP Warning:  Illegal string offset 'alt' in C:\xampp\htdocs\e3mtechnologie-com\wp-content\themes\e3m\template-home.php on line 43
[23-Sep-2020 18:31:30 UTC] PHP Warning:  Illegal string offset 'url' in C:\xampp\htdocs\e3mtechnologie-com\wp-content\themes\e3m\template-home.php on line 42
[23-Sep-2020 18:31:30 UTC] PHP Warning:  Illegal string offset 'alt' in C:\xampp\htdocs\e3mtechnologie-com\wp-content\themes\e3m\template-home.php on line 43
[23-Sep-2020 18:31:30 UTC] PHP Fatal error:  Uncaught Error: Function name must be a string in C:\xampp\htdocs\e3mtechnologie-com\wp-content\themes\e3m\template-home.php:70
Stack trace:
#0 C:\xampp\htdocs\e3mtechnologie-com\wp-includes\template-loader.php(106): include()
#1 C:\xampp\htdocs\e3mtechnologie-com\wp-blog-header.php(19): require_once('C:\\xampp\\htdocs...')
#2 C:\xampp\htdocs\e3mtechnologie-com\index.php(17): require('C:\\xampp\\htdocs...')
#3 {main}
  thrown in C:\xampp\htdocs\e3mtechnologie-com\wp-content\themes\e3m\template-home.php on line 70
[23-Sep-2020 18:32:29 UTC] PHP Warning:  Illegal string offset 'url' in C:\xampp\htdocs\e3mtechnologie-com\wp-content\themes\e3m\template-home.php on line 42
[23-Sep-2020 18:32:29 UTC] PHP Warning:  Illegal string offset 'alt' in C:\xampp\htdocs\e3mtechnologie-com\wp-content\themes\e3m\template-home.php on line 43
[23-Sep-2020 18:32:29 UTC] PHP Notice:  Undefined index: alt in C:\xampp\htdocs\e3mtechnologie-com\wp-content\themes\e3m\template-home.php on line 71
[23-Sep-2020 18:32:29 UTC] PHP Notice:  Undefined index: alt in C:\xampp\htdocs\e3mtechnologie-com\wp-content\themes\e3m\template-home.php on line 71
[23-Sep-2020 18:32:29 UTC] PHP Notice:  Undefined index: alt in C:\xampp\htdocs\e3mtechnologie-com\wp-content\themes\e3m\template-home.php on line 71
[23-Sep-2020 18:32:29 UTC] PHP Notice:  Undefined index: alt in C:\xampp\htdocs\e3mtechnologie-com\wp-content\themes\e3m\template-home.php on line 71
[23-Sep-2020 18:32:29 UTC] PHP Notice:  Undefined index: alt in C:\xampp\htdocs\e3mtechnologie-com\wp-content\themes\e3m\template-home.php on line 71
[23-Sep-2020 18:32:29 UTC] PHP Notice:  Undefined index: alt in C:\xampp\htdocs\e3mtechnologie-com\wp-content\themes\e3m\template-home.php on line 71
[23-Sep-2020 18:32:29 UTC] PHP Notice:  Undefined index: alt in C:\xampp\htdocs\e3mtechnologie-com\wp-content\themes\e3m\template-home.php on line 71
[23-Sep-2020 18:32:29 UTC] PHP Notice:  Undefined index: alt in C:\xampp\htdocs\e3mtechnologie-com\wp-content\themes\e3m\template-home.php on line 71
[23-Sep-2020 18:32:29 UTC] PHP Notice:  Undefined index: alt in C:\xampp\htdocs\e3mtechnologie-com\wp-content\themes\e3m\template-home.php on line 71
[23-Sep-2020 18:32:29 UTC] PHP Notice:  Undefined index: alt in C:\xampp\htdocs\e3mtechnologie-com\wp-content\themes\e3m\template-home.php on line 71
[23-Sep-2020 18:33:11 UTC] PHP Warning:  Illegal string offset 'url' in C:\xampp\htdocs\e3mtechnologie-com\wp-content\themes\e3m\template-home.php on line 42
[23-Sep-2020 18:33:11 UTC] PHP Warning:  Illegal string offset 'alt' in C:\xampp\htdocs\e3mtechnologie-com\wp-content\themes\e3m\template-home.php on line 43
[24-Sep-2020 02:54:38 UTC] PHP Warning:  Illegal string offset 'url' in C:\xampp\htdocs\e3mtechnologie-com\wp-content\themes\e3m\template-home.php on line 14
[24-Sep-2020 13:42:43 UTC] PHP Notice:  Undefined variable: champs_customs in C:\xampp\htdocs\e3mtechnologie-com\wp-content\themes\e3m\includes\menu\menu-desktop.php on line 66
[24-Sep-2020 13:42:44 UTC] PHP Notice:  Undefined variable: champs_customs in C:\xampp\htdocs\e3mtechnologie-com\wp-content\themes\e3m\includes\menu\menu-desktop.php on line 66
[24-Sep-2020 13:42:44 UTC] PHP Notice:  Undefined variable: champs_customs in C:\xampp\htdocs\e3mtechnologie-com\wp-content\themes\e3m\includes\menu\menu-desktop.php on line 66
[24-Sep-2020 17:18:14 UTC] PHP Notice:  Undefined index: region in C:\xampp\htdocs\e3mtechnologie-com\wp-content\plugins\mailgun\includes\wp-mail-api.php on line 117
